<?xml version="1.0" encoding="UTF-8"?>
<testsuite xmlns:xsi="http://www.w3.org/2001/XMLSchema-instance" xsi:noNamespaceSchemaLocation="https://maven.apache.org/surefire/maven-surefire-plugin/xsd/surefire-test-report.xsd" name="cn.farm.CommonApplicationTest" time="0.02" tests="1" errors="0" skipped="0" failures="0">
  <properties>
    <property name="sun.desktop" value="windows"/>
    <property name="awt.toolkit" value="sun.awt.windows.WToolkit"/>
    <property name="file.encoding.pkg" value="sun.io"/>
    <property name="java.specification.version" value="1.8"/>
    <property name="sun.cpu.isalist" value="pentium_pro+mmx pentium_pro pentium+mmx pentium i486 i386 i86"/>
    <property name="sun.jnu.encoding" value="GBK"/>
    <property name="java.class.path" value="D:\Program Files\IDEA\IDEA WORKSPACE\Frams\farm-Common\target\test-classes;D:\Program Files\IDEA\IDEA WORKSPACE\Frams\farm-Common\target\classes;D:\Program Files\MAVEN\repository\org\python\jython-standalone\2.7.0\jython-standalone-2.7.0.jar;D:\Program Files\MAVEN\repository\com\github\pagehelper\pagehelper-spring-boot-starter\1.2.5\pagehelper-spring-boot-starter-1.2.5.jar;D:\Program Files\MAVEN\repository\org\springframework\boot\spring-boot-starter\2.0.4.RELEASE\spring-boot-starter-2.0.4.RELEASE.jar;D:\Program Files\MAVEN\repository\org\springframework\boot\spring-boot\2.0.4.RELEASE\spring-boot-2.0.4.RELEASE.jar;D:\Program Files\MAVEN\repository\org\springframework\boot\spring-boot-autoconfigure\2.0.4.RELEASE\spring-boot-autoconfigure-2.0.4.RELEASE.jar;D:\Program Files\MAVEN\repository\org\springframework\boot\spring-boot-starter-logging\2.0.4.RELEASE\spring-boot-starter-logging-2.0.4.RELEASE.jar;D:\Program Files\MAVEN\repository\ch\qos\logback\logback-classic\1.2.3\logback-classic-1.2.3.jar;D:\Program Files\MAVEN\repository\ch\qos\logback\logback-core\1.2.3\logback-core-1.2.3.jar;D:\Program Files\MAVEN\repository\org\apache\logging\log4j\log4j-to-slf4j\2.10.0\log4j-to-slf4j-2.10.0.jar;D:\Program Files\MAVEN\repository\org\apache\logging\log4j\log4j-api\2.10.0\log4j-api-2.10.0.jar;D:\Program Files\MAVEN\repository\org\slf4j\jul-to-slf4j\1.7.25\jul-to-slf4j-1.7.25.jar;D:\Program Files\MAVEN\repository\javax\annotation\javax.annotation-api\1.3.2\javax.annotation-api-1.3.2.jar;D:\Program Files\MAVEN\repository\com\github\pagehelper\pagehelper-spring-boot-autoconfigure\1.2.5\pagehelper-spring-boot-autoconfigure-1.2.5.jar;D:\Program Files\MAVEN\repository\com\github\pagehelper\pagehelper\5.1.4\pagehelper-5.1.4.jar;D:\Program Files\MAVEN\repository\com\github\jsqlparser\jsqlparser\1.0\jsqlparser-1.0.jar;D:\Program Files\MAVEN\repository\com\aliyun\aliyun-java-sdk-core\4.0.6\aliyun-java-sdk-core-4.0.6.jar;D:\Program Files\MAVEN\repository\com\google\code\gson\gson\2.8.5\gson-2.8.5.jar;D:\Program Files\MAVEN\repository\org\apache\httpcomponents\httpclient\4.5.6\httpclient-4.5.6.jar;D:\Program Files\MAVEN\repository\org\apache\httpcomponents\httpcore\4.4.10\httpcore-4.4.10.jar;D:\Program Files\MAVEN\repository\commons-codec\commons-codec\1.11\commons-codec-1.11.jar;D:\Program Files\MAVEN\repository\javax\xml\bind\jaxb-api\2.3.0\jaxb-api-2.3.0.jar;D:\Program Files\MAVEN\repository\com\sun\xml\bind\jaxb-core\2.1.14\jaxb-core-2.1.14.jar;D:\Program Files\MAVEN\repository\com\sun\xml\bind\jaxb-impl\2.1\jaxb-impl-2.1.jar;D:\Program Files\MAVEN\repository\javax\activation\activation\1.1.1\activation-1.1.1.jar;D:\Program Files\MAVEN\repository\com\aliyun\aliyun-java-sdk-dysmsapi\1.1.0\aliyun-java-sdk-dysmsapi-1.1.0.jar;D:\Program Files\MAVEN\repository\org\springframework\boot\spring-boot-starter-web\2.0.4.RELEASE\spring-boot-starter-web-2.0.4.RELEASE.jar;D:\Program Files\MAVEN\repository\org\springframework\boot\spring-boot-starter-json\2.0.4.RELEASE\spring-boot-starter-json-2.0.4.RELEASE.jar;D:\Program Files\MAVEN\repository\com\fasterxml\jackson\datatype\jackson-datatype-jdk8\2.9.7\jackson-datatype-jdk8-2.9.7.jar;D:\Program Files\MAVEN\repository\com\fasterxml\jackson\datatype\jackson-datatype-jsr310\2.9.7\jackson-datatype-jsr310-2.9.7.jar;D:\Program Files\MAVEN\repository\com\fasterxml\jackson\module\jackson-module-parameter-names\2.9.7\jackson-module-parameter-names-2.9.7.jar;D:\Program Files\MAVEN\repository\org\springframework\boot\spring-boot-starter-tomcat\2.0.4.RELEASE\spring-boot-starter-tomcat-2.0.4.RELEASE.jar;D:\Program Files\MAVEN\repository\org\apache\tomcat\embed\tomcat-embed-core\8.5.32\tomcat-embed-core-8.5.32.jar;D:\Program Files\MAVEN\repository\org\apache\tomcat\embed\tomcat-embed-el\8.5.32\tomcat-embed-el-8.5.32.jar;D:\Program Files\MAVEN\repository\org\apache\tomcat\embed\tomcat-embed-websocket\8.5.32\tomcat-embed-websocket-8.5.32.jar;D:\Program Files\MAVEN\repository\org\hibernate\validator\hibernate-validator\6.0.11.Final\hibernate-validator-6.0.11.Final.jar;D:\Program Files\MAVEN\repository\javax\validation\validation-api\2.0.1.Final\validation-api-2.0.1.Final.jar;D:\Program Files\MAVEN\repository\org\jboss\logging\jboss-logging\3.3.2.Final\jboss-logging-3.3.2.Final.jar;D:\Program Files\MAVEN\repository\com\fasterxml\classmate\1.3.4\classmate-1.3.4.jar;D:\Program Files\MAVEN\repository\org\springframework\spring-web\5.0.8.RELEASE\spring-web-5.0.8.RELEASE.jar;D:\Program Files\MAVEN\repository\org\projectlombok\lombok\1.16.22\lombok-1.16.22.jar;D:\Program Files\MAVEN\repository\junit\junit\4.11\junit-4.11.jar;D:\Program Files\MAVEN\repository\org\hamcrest\hamcrest-core\1.3\hamcrest-core-1.3.jar;D:\Program Files\MAVEN\repository\com\alibaba\druid\1.1.19\druid-1.1.19.jar;D:\Program Files\MAVEN\repository\org\springframework\cloud\spring-cloud-starter-eureka-server\1.4.7.RELEASE\spring-cloud-starter-eureka-server-1.4.7.RELEASE.jar;D:\Program Files\MAVEN\repository\org\springframework\cloud\spring-cloud-starter-netflix-eureka-server\2.0.0.RELEASE\spring-cloud-starter-netflix-eureka-server-2.0.0.RELEASE.jar;D:\Program Files\MAVEN\repository\org\springframework\cloud\spring-cloud-netflix-eureka-server\2.0.0.RELEASE\spring-cloud-netflix-eureka-server-2.0.0.RELEASE.jar;D:\Program Files\MAVEN\repository\org\springframework\boot\spring-boot-starter-freemarker\2.0.4.RELEASE\spring-boot-starter-freemarker-2.0.4.RELEASE.jar;D:\Program Files\MAVEN\repository\org\freemarker\freemarker\2.3.28\freemarker-2.3.28.jar;D:\Program Files\MAVEN\repository\org\springframework\spring-context-support\5.0.8.RELEASE\spring-context-support-5.0.8.RELEASE.jar;D:\Program Files\MAVEN\repository\com\sun\jersey\jersey-servlet\1.19.1\jersey-servlet-1.19.1.jar;D:\Program Files\MAVEN\repository\com\sun\jersey\jersey-server\1.19.1\jersey-server-1.19.1.jar;D:\Program Files\MAVEN\repository\com\netflix\archaius\archaius-core\0.7.6\archaius-core-0.7.6.jar;D:\Program Files\MAVEN\repository\com\google\code\findbugs\jsr305\3.0.1\jsr305-3.0.1.jar;D:\Program Files\MAVEN\repository\javax\inject\javax.inject\1\javax.inject-1.jar;D:\Program Files\MAVEN\repository\com\fasterxml\jackson\dataformat\jackson-dataformat-xml\2.9.7\jackson-dataformat-xml-2.9.7.jar;D:\Program Files\MAVEN\repository\com\fasterxml\jackson\module\jackson-module-jaxb-annotations\2.9.7\jackson-module-jaxb-annotations-2.9.7.jar;D:\Program Files\MAVEN\repository\org\codehaus\woodstox\stax2-api\3.1.4\stax2-api-3.1.4.jar;D:\Program Files\MAVEN\repository\com\fasterxml\woodstox\woodstox-core\5.0.3\woodstox-core-5.0.3.jar;D:\Program Files\MAVEN\repository\org\springframework\cloud\spring-cloud-starter-netflix-archaius\2.0.0.RELEASE\spring-cloud-starter-netflix-archaius-2.0.0.RELEASE.jar;D:\Program Files\MAVEN\repository\org\springframework\cloud\spring-cloud-netflix-archaius\2.0.0.RELEASE\spring-cloud-netflix-archaius-2.0.0.RELEASE.jar;D:\Program Files\MAVEN\repository\commons-configuration\commons-configuration\1.8\commons-configuration-1.8.jar;D:\Program Files\MAVEN\repository\commons-lang\commons-lang\2.6\commons-lang-2.6.jar;D:\Program Files\MAVEN\repository\org\springframework\cloud\spring-cloud-starter-netflix-ribbon\2.0.0.RELEASE\spring-cloud-starter-netflix-ribbon-2.0.0.RELEASE.jar;D:\Program Files\MAVEN\repository\com\netflix\ribbon\ribbon\2.2.5\ribbon-2.2.5.jar;D:\Program Files\MAVEN\repository\com\netflix\ribbon\ribbon-transport\2.2.5\ribbon-transport-2.2.5.jar;D:\Program Files\MAVEN\repository\io\reactivex\rxnetty-contexts\0.4.9\rxnetty-contexts-0.4.9.jar;D:\Program Files\MAVEN\repository\io\reactivex\rxnetty-servo\0.4.9\rxnetty-servo-0.4.9.jar;D:\Program Files\MAVEN\repository\io\reactivex\rxnetty\0.4.9\rxnetty-0.4.9.jar;D:\Program Files\MAVEN\repository\io\netty\netty-codec-http\4.1.27.Final\netty-codec-http-4.1.27.Final.jar;D:\Program Files\MAVEN\repository\io\netty\netty-codec\4.1.27.Final\netty-codec-4.1.27.Final.jar;D:\Program Files\MAVEN\repository\io\netty\netty-transport-native-epoll\4.1.27.Final\netty-transport-native-epoll-4.1.27.Final.jar;D:\Program Files\MAVEN\repository\io\netty\netty-common\4.1.27.Final\netty-common-4.1.27.Final.jar;D:\Program Files\MAVEN\repository\io\netty\netty-buffer\4.1.27.Final\netty-buffer-4.1.27.Final.jar;D:\Program Files\MAVEN\repository\io\netty\netty-transport-native-unix-common\4.1.27.Final\netty-transport-native-unix-common-4.1.27.Final.jar;D:\Program Files\MAVEN\repository\io\netty\netty-transport\4.1.27.Final\netty-transport-4.1.27.Final.jar;D:\Program Files\MAVEN\repository\io\netty\netty-resolver\4.1.27.Final\netty-resolver-4.1.27.Final.jar;D:\Program Files\MAVEN\repository\com\netflix\ribbon\ribbon-core\2.2.5\ribbon-core-2.2.5.jar;D:\Program Files\MAVEN\repository\com\netflix\ribbon\ribbon-httpclient\2.2.5\ribbon-httpclient-2.2.5.jar;D:\Program Files\MAVEN\repository\commons-collections\commons-collections\3.2.2\commons-collections-3.2.2.jar;D:\Program Files\MAVEN\repository\com\netflix\ribbon\ribbon-loadbalancer\2.2.5\ribbon-loadbalancer-2.2.5.jar;D:\Program Files\MAVEN\repository\com\netflix\netflix-commons\netflix-statistics\0.1.1\netflix-statistics-0.1.1.jar;D:\Program Files\MAVEN\repository\io\reactivex\rxjava\1.3.8\rxjava-1.3.8.jar;D:\Program Files\MAVEN\repository\com\netflix\ribbon\ribbon-eureka\2.2.5\ribbon-eureka-2.2.5.jar;D:\Program Files\MAVEN\repository\org\springframework\cloud\spring-cloud-starter-eureka\1.4.7.RELEASE\spring-cloud-starter-eureka-1.4.7.RELEASE.jar;D:\Program Files\MAVEN\repository\org\springframework\cloud\spring-cloud-starter-netflix-eureka-client\2.0.0.RELEASE\spring-cloud-starter-netflix-eureka-client-2.0.0.RELEASE.jar;D:\Program Files\MAVEN\repository\org\springframework\cloud\spring-cloud-netflix-core\2.0.0.RELEASE\spring-cloud-netflix-core-2.0.0.RELEASE.jar;D:\Program Files\MAVEN\repository\org\springframework\boot\spring-boot-starter-aop\2.0.4.RELEASE\spring-boot-starter-aop-2.0.4.RELEASE.jar;D:\Program Files\MAVEN\repository\org\springframework\cloud\spring-cloud-netflix-eureka-client\2.0.0.RELEASE\spring-cloud-netflix-eureka-client-2.0.0.RELEASE.jar;D:\Program Files\MAVEN\repository\com\netflix\eureka\eureka-client\1.9.2\eureka-client-1.9.2.jar;D:\Program Files\MAVEN\repository\org\codehaus\jettison\jettison\1.3.7\jettison-1.3.7.jar;D:\Program Files\MAVEN\repository\stax\stax-api\1.0.1\stax-api-1.0.1.jar;D:\Program Files\MAVEN\repository\com\netflix\netflix-commons\netflix-eventbus\0.3.0\netflix-eventbus-0.3.0.jar;D:\Program Files\MAVEN\repository\com\netflix\netflix-commons\netflix-infix\0.3.0\netflix-infix-0.3.0.jar;D:\Program Files\MAVEN\repository\commons-jxpath\commons-jxpath\1.3\commons-jxpath-1.3.jar;D:\Program Files\MAVEN\repository\joda-time\joda-time\2.9.9\joda-time-2.9.9.jar;D:\Program Files\MAVEN\repository\org\antlr\antlr-runtime\3.4\antlr-runtime-3.4.jar;D:\Program Files\MAVEN\repository\org\antlr\stringtemplate\3.2.1\stringtemplate-3.2.1.jar;D:\Program Files\MAVEN\repository\antlr\antlr\2.7.7\antlr-2.7.7.jar;D:\Program Files\MAVEN\repository\org\apache\commons\commons-math\2.2\commons-math-2.2.jar;D:\Program Files\MAVEN\repository\javax\ws\rs\jsr311-api\1.1.1\jsr311-api-1.1.1.jar;D:\Program Files\MAVEN\repository\com\netflix\servo\servo-core\0.12.21\servo-core-0.12.21.jar;D:\Program Files\MAVEN\repository\com\sun\jersey\jersey-core\1.19.1\jersey-core-1.19.1.jar;D:\Program Files\MAVEN\repository\com\sun\jersey\jersey-client\1.19.1\jersey-client-1.19.1.jar;D:\Program Files\MAVEN\repository\com\sun\jersey\contribs\jersey-apache-client4\1.19.1\jersey-apache-client4-1.19.1.jar;D:\Program Files\MAVEN\repository\com\google\inject\guice\4.1.0\guice-4.1.0.jar;D:\Program Files\MAVEN\repository\aopalliance\aopalliance\1.0\aopalliance-1.0.jar;D:\Program Files\MAVEN\repository\com\github\vlsi\compactmap\compactmap\1.2.1\compactmap-1.2.1.jar;D:\Program Files\MAVEN\repository\com\github\andrewoma\dexx\dexx-collections\0.2\dexx-collections-0.2.jar;D:\Program Files\MAVEN\repository\com\netflix\eureka\eureka-core\1.9.2\eureka-core-1.9.2.jar;D:\Program Files\MAVEN\repository\org\codehaus\woodstox\woodstox-core-asl\4.4.1\woodstox-core-asl-4.4.1.jar;D:\Program Files\MAVEN\repository\javax\xml\stream\stax-api\1.0-2\stax-api-1.0-2.jar;D:\Program Files\MAVEN\repository\com\thoughtworks\xstream\xstream\1.4.10\xstream-1.4.10.jar;D:\Program Files\MAVEN\repository\xmlpull\xmlpull\1.1.3.1\xmlpull-1.1.3.1.jar;D:\Program Files\MAVEN\repository\xpp3\xpp3_min\1.1.4c\xpp3_min-1.1.4c.jar;D:\Program Files\MAVEN\repository\org\springframework\cloud\spring-cloud-starter-feign\1.4.7.RELEASE\spring-cloud-starter-feign-1.4.7.RELEASE.jar;D:\Program Files\MAVEN\repository\org\springframework\cloud\spring-cloud-starter-openfeign\2.0.0.RELEASE\spring-cloud-starter-openfeign-2.0.0.RELEASE.jar;D:\Program Files\MAVEN\repository\org\springframework\cloud\spring-cloud-openfeign-core\2.0.0.RELEASE\spring-cloud-openfeign-core-2.0.0.RELEASE.jar;D:\Program Files\MAVEN\repository\org\springframework\cloud\spring-cloud-commons\2.0.0.RELEASE\spring-cloud-commons-2.0.0.RELEASE.jar;D:\Program Files\MAVEN\repository\io\github\openfeign\feign-core\9.5.1\feign-core-9.5.1.jar;D:\Program Files\MAVEN\repository\io\github\openfeign\feign-slf4j\9.5.1\feign-slf4j-9.5.1.jar;D:\Program Files\MAVEN\repository\io\github\openfeign\feign-hystrix\9.5.1\feign-hystrix-9.5.1.jar;D:\Program Files\MAVEN\repository\io\github\openfeign\feign-java8\9.5.1\feign-java8-9.5.1.jar;D:\Program Files\MAVEN\repository\org\springframework\cloud\spring-cloud-starter-hystrix\1.4.7.RELEASE\spring-cloud-starter-hystrix-1.4.7.RELEASE.jar;D:\Program Files\MAVEN\repository\org\springframework\cloud\spring-cloud-starter-netflix-hystrix\2.0.0.RELEASE\spring-cloud-starter-netflix-hystrix-2.0.0.RELEASE.jar;D:\Program Files\MAVEN\repository\org\springframework\cloud\spring-cloud-netflix-ribbon\2.0.0.RELEASE\spring-cloud-netflix-ribbon-2.0.0.RELEASE.jar;D:\Program Files\MAVEN\repository\com\netflix\hystrix\hystrix-core\1.5.12\hystrix-core-1.5.12.jar;D:\Program Files\MAVEN\repository\org\hdrhistogram\HdrHistogram\2.1.9\HdrHistogram-2.1.9.jar;D:\Program Files\MAVEN\repository\com\netflix\hystrix\hystrix-serialization\1.5.12\hystrix-serialization-1.5.12.jar;D:\Program Files\MAVEN\repository\com\fasterxml\jackson\module\jackson-module-afterburner\2.9.7\jackson-module-afterburner-2.9.7.jar;D:\Program Files\MAVEN\repository\com\netflix\hystrix\hystrix-metrics-event-stream\1.5.12\hystrix-metrics-event-stream-1.5.12.jar;D:\Program Files\MAVEN\repository\com\netflix\hystrix\hystrix-javanica\1.5.12\hystrix-javanica-1.5.12.jar;D:\Program Files\MAVEN\repository\org\apache\commons\commons-lang3\3.7\commons-lang3-3.7.jar;D:\Program Files\MAVEN\repository\org\ow2\asm\asm\5.0.4\asm-5.0.4.jar;D:\Program Files\MAVEN\repository\org\aspectj\aspectjweaver\1.8.13\aspectjweaver-1.8.13.jar;D:\Program Files\MAVEN\repository\com\google\guava\guava\15.0\guava-15.0.jar;D:\Program Files\MAVEN\repository\io\reactivex\rxjava-reactive-streams\1.2.1\rxjava-reactive-streams-1.2.1.jar;D:\Program Files\MAVEN\repository\org\reactivestreams\reactive-streams\1.0.2\reactive-streams-1.0.2.jar;D:\Program Files\MAVEN\repository\org\springframework\cloud\spring-cloud-starter-zuul\1.4.7.RELEASE\spring-cloud-starter-zuul-1.4.7.RELEASE.jar;D:\Program Files\MAVEN\repository\org\springframework\cloud\spring-cloud-starter-netflix-zuul\2.0.0.RELEASE\spring-cloud-starter-netflix-zuul-2.0.0.RELEASE.jar;D:\Program Files\MAVEN\repository\org\springframework\cloud\spring-cloud-netflix-zuul\2.0.0.RELEASE\spring-cloud-netflix-zuul-2.0.0.RELEASE.jar;D:\Program Files\MAVEN\repository\com\netflix\netflix-commons\netflix-commons-util\0.3.0\netflix-commons-util-0.3.0.jar;D:\Program Files\MAVEN\repository\com\netflix\zuul\zuul-core\1.3.1\zuul-core-1.3.1.jar;D:\Program Files\MAVEN\repository\commons-io\commons-io\2.4\commons-io-2.4.jar;D:\Program Files\MAVEN\repository\org\mybatis\spring\boot\mybatis-spring-boot-starter\1.3.2\mybatis-spring-boot-starter-1.3.2.jar;D:\Program Files\MAVEN\repository\org\springframework\boot\spring-boot-starter-jdbc\2.0.4.RELEASE\spring-boot-starter-jdbc-2.0.4.RELEASE.jar;D:\Program Files\MAVEN\repository\com\zaxxer\HikariCP\2.7.9\HikariCP-2.7.9.jar;D:\Program Files\MAVEN\repository\org\springframework\spring-jdbc\5.0.8.RELEASE\spring-jdbc-5.0.8.RELEASE.jar;D:\Program Files\MAVEN\repository\org\springframework\spring-tx\5.0.8.RELEASE\spring-tx-5.0.8.RELEASE.jar;D:\Program Files\MAVEN\repository\org\mybatis\spring\boot\mybatis-spring-boot-autoconfigure\1.3.2\mybatis-spring-boot-autoconfigure-1.3.2.jar;D:\Program Files\MAVEN\repository\org\mybatis\mybatis\3.4.6\mybatis-3.4.6.jar;D:\Program Files\MAVEN\repository\org\mybatis\mybatis-spring\1.3.2\mybatis-spring-1.3.2.jar;D:\Program Files\MAVEN\repository\tk\mybatis\mapper-spring-boot-starter\2.0.2\mapper-spring-boot-starter-2.0.2.jar;D:\Program Files\MAVEN\repository\tk\mybatis\mapper-core\1.0.2\mapper-core-1.0.2.jar;D:\Program Files\MAVEN\repository\javax\persistence\persistence-api\1.0\persistence-api-1.0.jar;D:\Program Files\MAVEN\repository\tk\mybatis\mapper-base\1.0.1\mapper-base-1.0.1.jar;D:\Program Files\MAVEN\repository\tk\mybatis\mapper-weekend\1.1.3\mapper-weekend-1.1.3.jar;D:\Program Files\MAVEN\repository\tk\mybatis\mapper-spring\1.0.1\mapper-spring-1.0.1.jar;D:\Program Files\MAVEN\repository\tk\mybatis\mapper-extra\1.0.1\mapper-extra-1.0.1.jar;D:\Program Files\MAVEN\repository\tk\mybatis\mapper-spring-boot-autoconfigure\2.0.2\mapper-spring-boot-autoconfigure-2.0.2.jar;D:\Program Files\MAVEN\repository\mysql\mysql-connector-java\5.1.38\mysql-connector-java-5.1.38.jar;D:\Program Files\MAVEN\repository\org\springframework\spring-webmvc\5.0.6.RELEASE\spring-webmvc-5.0.6.RELEASE.jar;D:\Program Files\MAVEN\repository\org\springframework\spring-aop\5.0.8.RELEASE\spring-aop-5.0.8.RELEASE.jar;D:\Program Files\MAVEN\repository\org\springframework\spring-beans\5.0.8.RELEASE\spring-beans-5.0.8.RELEASE.jar;D:\Program Files\MAVEN\repository\org\springframework\spring-context\5.0.8.RELEASE\spring-context-5.0.8.RELEASE.jar;D:\Program Files\MAVEN\repository\org\springframework\spring-core\5.0.8.RELEASE\spring-core-5.0.8.RELEASE.jar;D:\Program Files\MAVEN\repository\org\springframework\spring-jcl\5.0.8.RELEASE\spring-jcl-5.0.8.RELEASE.jar;D:\Program Files\MAVEN\repository\org\springframework\spring-expression\5.0.8.RELEASE\spring-expression-5.0.8.RELEASE.jar;D:\Program Files\MAVEN\repository\com\fasterxml\jackson\core\jackson-annotations\2.9.7\jackson-annotations-2.9.7.jar;D:\Program Files\MAVEN\repository\com\fasterxml\jackson\core\jackson-databind\2.9.7\jackson-databind-2.9.7.jar;D:\Program Files\MAVEN\repository\com\fasterxml\jackson\core\jackson-core\2.9.7\jackson-core-2.9.7.jar;D:\Program Files\MAVEN\repository\javax\servlet\javax.servlet-api\3.1.0\javax.servlet-api-3.1.0.jar;D:\Program Files\MAVEN\repository\org\springframework\cloud\spring-cloud-config-server\2.0.0.RELEASE\spring-cloud-config-server-2.0.0.RELEASE.jar;D:\Program Files\MAVEN\repository\org\springframework\cloud\spring-cloud-config-client\2.0.0.RELEASE\spring-cloud-config-client-2.0.0.RELEASE.jar;D:\Program Files\MAVEN\repository\org\springframework\cloud\spring-cloud-context\2.0.0.RELEASE\spring-cloud-context-2.0.0.RELEASE.jar;D:\Program Files\MAVEN\repository\org\springframework\boot\spring-boot-starter-actuator\2.0.4.RELEASE\spring-boot-starter-actuator-2.0.4.RELEASE.jar;D:\Program Files\MAVEN\repository\org\springframework\boot\spring-boot-actuator-autoconfigure\2.0.4.RELEASE\spring-boot-actuator-autoconfigure-2.0.4.RELEASE.jar;D:\Program Files\MAVEN\repository\org\springframework\boot\spring-boot-actuator\2.0.4.RELEASE\spring-boot-actuator-2.0.4.RELEASE.jar;D:\Program Files\MAVEN\repository\io\micrometer\micrometer-core\1.0.6\micrometer-core-1.0.6.jar;D:\Program Files\MAVEN\repository\org\latencyutils\LatencyUtils\2.0.3\LatencyUtils-2.0.3.jar;D:\Program Files\MAVEN\repository\org\springframework\security\spring-security-crypto\5.0.7.RELEASE\spring-security-crypto-5.0.7.RELEASE.jar;D:\Program Files\MAVEN\repository\org\springframework\security\spring-security-rsa\1.0.5.RELEASE\spring-security-rsa-1.0.5.RELEASE.jar;D:\Program Files\MAVEN\repository\org\bouncycastle\bcpkix-jdk15on\1.56\bcpkix-jdk15on-1.56.jar;D:\Program Files\MAVEN\repository\org\bouncycastle\bcprov-jdk15on\1.56\bcprov-jdk15on-1.56.jar;D:\Program Files\MAVEN\repository\org\eclipse\jgit\org.eclipse.jgit\4.11.0.201803080745-r\org.eclipse.jgit-4.11.0.201803080745-r.jar;D:\Program Files\MAVEN\repository\com\jcraft\jsch\0.1.54\jsch-0.1.54.jar;D:\Program Files\MAVEN\repository\com\jcraft\jzlib\1.1.1\jzlib-1.1.1.jar;D:\Program Files\MAVEN\repository\com\googlecode\javaewah\JavaEWAH\1.1.6\JavaEWAH-1.1.6.jar;D:\Program Files\MAVEN\repository\org\slf4j\slf4j-api\1.7.25\slf4j-api-1.7.25.jar;D:\Program Files\MAVEN\repository\org\eclipse\jgit\org.eclipse.jgit.http.apache\4.11.0.201803080745-r\org.eclipse.jgit.http.apache-4.11.0.201803080745-r.jar;D:\Program Files\MAVEN\repository\org\yaml\snakeyaml\1.19\snakeyaml-1.19.jar;D:\Program Files\MAVEN\repository\org\springframework\cloud\spring-cloud-starter-config\2.0.0.RELEASE\spring-cloud-starter-config-2.0.0.RELEASE.jar;D:\Program Files\MAVEN\repository\org\springframework\cloud\spring-cloud-starter\2.0.0.RELEASE\spring-cloud-starter-2.0.0.RELEASE.jar;D:\Program Files\MAVEN\repository\javax\servlet\jstl\1.2\jstl-1.2.jar;"/>
    <property name="java.vm.vendor" value="Oracle Corporation"/>
    <property name="sun.arch.data.model" value="32"/>
    <property name="user.variant" value=""/>
    <property name="java.vendor.url" value="http://java.oracle.com/"/>
    <property name="user.timezone" value="Asia/Shanghai"/>
    <property name="java.vm.specification.version" value="1.8"/>
    <property name="os.name" value="Windows 10"/>
    <property name="user.country" value="CN"/>
    <property name="sun.java.launcher" value="SUN_STANDARD"/>
    <property name="sun.boot.library.path" value="D:\Program Files\Java\jdk1.8.0_152\jre\bin"/>
    <property name="sun.java.command" value="C:\Users\lwg1998\AppData\Local\Temp\surefire3391386470306423988\surefirebooter9045988701419919103.jar C:\Users\lwg1998\AppData\Local\Temp\surefire3391386470306423988 2019-07-25T21-04-23_304-jvmRun1 surefire8873604821414437373tmp surefire_04857258670820467243tmp"/>
    <property name="surefire.test.class.path" value="D:\Program Files\IDEA\IDEA WORKSPACE\Frams\farm-Common\target\test-classes;D:\Program Files\IDEA\IDEA WORKSPACE\Frams\farm-Common\target\classes;D:\Program Files\MAVEN\repository\org\python\jython-standalone\2.7.0\jython-standalone-2.7.0.jar;D:\Program Files\MAVEN\repository\com\github\pagehelper\pagehelper-spring-boot-starter\1.2.5\pagehelper-spring-boot-starter-1.2.5.jar;D:\Program Files\MAVEN\repository\org\springframework\boot\spring-boot-starter\2.0.4.RELEASE\spring-boot-starter-2.0.4.RELEASE.jar;D:\Program Files\MAVEN\repository\org\springframework\boot\spring-boot\2.0.4.RELEASE\spring-boot-2.0.4.RELEASE.jar;D:\Program Files\MAVEN\repository\org\springframework\boot\spring-boot-autoconfigure\2.0.4.RELEASE\spring-boot-autoconfigure-2.0.4.RELEASE.jar;D:\Program Files\MAVEN\repository\org\springframework\boot\spring-boot-starter-logging\2.0.4.RELEASE\spring-boot-starter-logging-2.0.4.RELEASE.jar;D:\Program Files\MAVEN\repository\ch\qos\logback\logback-classic\1.2.3\logback-classic-1.2.3.jar;D:\Program Files\MAVEN\repository\ch\qos\logback\logback-core\1.2.3\logback-core-1.2.3.jar;D:\Program Files\MAVEN\repository\org\apache\logging\log4j\log4j-to-slf4j\2.10.0\log4j-to-slf4j-2.10.0.jar;D:\Program Files\MAVEN\repository\org\apache\logging\log4j\log4j-api\2.10.0\log4j-api-2.10.0.jar;D:\Program Files\MAVEN\repository\org\slf4j\jul-to-slf4j\1.7.25\jul-to-slf4j-1.7.25.jar;D:\Program Files\MAVEN\repository\javax\annotation\javax.annotation-api\1.3.2\javax.annotation-api-1.3.2.jar;D:\Program Files\MAVEN\repository\com\github\pagehelper\pagehelper-spring-boot-autoconfigure\1.2.5\pagehelper-spring-boot-autoconfigure-1.2.5.jar;D:\Program Files\MAVEN\repository\com\github\pagehelper\pagehelper\5.1.4\pagehelper-5.1.4.jar;D:\Program Files\MAVEN\repository\com\github\jsqlparser\jsqlparser\1.0\jsqlparser-1.0.jar;D:\Program Files\MAVEN\repository\com\aliyun\aliyun-java-sdk-core\4.0.6\aliyun-java-sdk-core-4.0.6.jar;D:\Program Files\MAVEN\repository\com\google\code\gson\gson\2.8.5\gson-2.8.5.jar;D:\Program Files\MAVEN\repository\org\apache\httpcomponents\httpclient\4.5.6\httpclient-4.5.6.jar;D:\Program Files\MAVEN\repository\org\apache\httpcomponents\httpcore\4.4.10\httpcore-4.4.10.jar;D:\Program Files\MAVEN\repository\commons-codec\commons-codec\1.11\commons-codec-1.11.jar;D:\Program Files\MAVEN\repository\javax\xml\bind\jaxb-api\2.3.0\jaxb-api-2.3.0.jar;D:\Program Files\MAVEN\repository\com\sun\xml\bind\jaxb-core\2.1.14\jaxb-core-2.1.14.jar;D:\Program Files\MAVEN\repository\com\sun\xml\bind\jaxb-impl\2.1\jaxb-impl-2.1.jar;D:\Program Files\MAVEN\repository\javax\activation\activation\1.1.1\activation-1.1.1.jar;D:\Program Files\MAVEN\repository\com\aliyun\aliyun-java-sdk-dysmsapi\1.1.0\aliyun-java-sdk-dysmsapi-1.1.0.jar;D:\Program Files\MAVEN\repository\org\springframework\boot\spring-boot-starter-web\2.0.4.RELEASE\spring-boot-starter-web-2.0.4.RELEASE.jar;D:\Program Files\MAVEN\repository\org\springframework\boot\spring-boot-starter-json\2.0.4.RELEASE\spring-boot-starter-json-2.0.4.RELEASE.jar;D:\Program Files\MAVEN\repository\com\fasterxml\jackson\datatype\jackson-datatype-jdk8\2.9.7\jackson-datatype-jdk8-2.9.7.jar;D:\Program Files\MAVEN\repository\com\fasterxml\jackson\datatype\jackson-datatype-jsr310\2.9.7\jackson-datatype-jsr310-2.9.7.jar;D:\Program Files\MAVEN\repository\com\fasterxml\jackson\module\jackson-module-parameter-names\2.9.7\jackson-module-parameter-names-2.9.7.jar;D:\Program Files\MAVEN\repository\org\springframework\boot\spring-boot-starter-tomcat\2.0.4.RELEASE\spring-boot-starter-tomcat-2.0.4.RELEASE.jar;D:\Program Files\MAVEN\repository\org\apache\tomcat\embed\tomcat-embed-core\8.5.32\tomcat-embed-core-8.5.32.jar;D:\Program Files\MAVEN\repository\org\apache\tomcat\embed\tomcat-embed-el\8.5.32\tomcat-embed-el-8.5.32.jar;D:\Program Files\MAVEN\repository\org\apache\tomcat\embed\tomcat-embed-websocket\8.5.32\tomcat-embed-websocket-8.5.32.jar;D:\Program Files\MAVEN\repository\org\hibernate\validator\hibernate-validator\6.0.11.Final\hibernate-validator-6.0.11.Final.jar;D:\Program Files\MAVEN\repository\javax\validation\validation-api\2.0.1.Final\validation-api-2.0.1.Final.jar;D:\Program Files\MAVEN\repository\org\jboss\logging\jboss-logging\3.3.2.Final\jboss-logging-3.3.2.Final.jar;D:\Program Files\MAVEN\repository\com\fasterxml\classmate\1.3.4\classmate-1.3.4.jar;D:\Program Files\MAVEN\repository\org\springframework\spring-web\5.0.8.RELEASE\spring-web-5.0.8.RELEASE.jar;D:\Program Files\MAVEN\repository\org\projectlombok\lombok\1.16.22\lombok-1.16.22.jar;D:\Program Files\MAVEN\repository\junit\junit\4.11\junit-4.11.jar;D:\Program Files\MAVEN\repository\org\hamcrest\hamcrest-core\1.3\hamcrest-core-1.3.jar;D:\Program Files\MAVEN\repository\com\alibaba\druid\1.1.19\druid-1.1.19.jar;D:\Program Files\MAVEN\repository\org\springframework\cloud\spring-cloud-starter-eureka-server\1.4.7.RELEASE\spring-cloud-starter-eureka-server-1.4.7.RELEASE.jar;D:\Program Files\MAVEN\repository\org\springframework\cloud\spring-cloud-starter-netflix-eureka-server\2.0.0.RELEASE\spring-cloud-starter-netflix-eureka-server-2.0.0.RELEASE.jar;D:\Program Files\MAVEN\repository\org\springframework\cloud\spring-cloud-netflix-eureka-server\2.0.0.RELEASE\spring-cloud-netflix-eureka-server-2.0.0.RELEASE.jar;D:\Program Files\MAVEN\repository\org\springframework\boot\spring-boot-starter-freemarker\2.0.4.RELEASE\spring-boot-starter-freemarker-2.0.4.RELEASE.jar;D:\Program Files\MAVEN\repository\org\freemarker\freemarker\2.3.28\freemarker-2.3.28.jar;D:\Program Files\MAVEN\repository\org\springframework\spring-context-support\5.0.8.RELEASE\spring-context-support-5.0.8.RELEASE.jar;D:\Program Files\MAVEN\repository\com\sun\jersey\jersey-servlet\1.19.1\jersey-servlet-1.19.1.jar;D:\Program Files\MAVEN\repository\com\sun\jersey\jersey-server\1.19.1\jersey-server-1.19.1.jar;D:\Program Files\MAVEN\repository\com\netflix\archaius\archaius-core\0.7.6\archaius-core-0.7.6.jar;D:\Program Files\MAVEN\repository\com\google\code\findbugs\jsr305\3.0.1\jsr305-3.0.1.jar;D:\Program Files\MAVEN\repository\javax\inject\javax.inject\1\javax.inject-1.jar;D:\Program Files\MAVEN\repository\com\fasterxml\jackson\dataformat\jackson-dataformat-xml\2.9.7\jackson-dataformat-xml-2.9.7.jar;D:\Program Files\MAVEN\repository\com\fasterxml\jackson\module\jackson-module-jaxb-annotations\2.9.7\jackson-module-jaxb-annotations-2.9.7.jar;D:\Program Files\MAVEN\repository\org\codehaus\woodstox\stax2-api\3.1.4\stax2-api-3.1.4.jar;D:\Program Files\MAVEN\repository\com\fasterxml\woodstox\woodstox-core\5.0.3\woodstox-core-5.0.3.jar;D:\Program Files\MAVEN\repository\org\springframework\cloud\spring-cloud-starter-netflix-archaius\2.0.0.RELEASE\spring-cloud-starter-netflix-archaius-2.0.0.RELEASE.jar;D:\Program Files\MAVEN\repository\org\springframework\cloud\spring-cloud-netflix-archaius\2.0.0.RELEASE\spring-cloud-netflix-archaius-2.0.0.RELEASE.jar;D:\Program Files\MAVEN\repository\commons-configuration\commons-configuration\1.8\commons-configuration-1.8.jar;D:\Program Files\MAVEN\repository\commons-lang\commons-lang\2.6\commons-lang-2.6.jar;D:\Program Files\MAVEN\repository\org\springframework\cloud\spring-cloud-starter-netflix-ribbon\2.0.0.RELEASE\spring-cloud-starter-netflix-ribbon-2.0.0.RELEASE.jar;D:\Program Files\MAVEN\repository\com\netflix\ribbon\ribbon\2.2.5\ribbon-2.2.5.jar;D:\Program Files\MAVEN\repository\com\netflix\ribbon\ribbon-transport\2.2.5\ribbon-transport-2.2.5.jar;D:\Program Files\MAVEN\repository\io\reactivex\rxnetty-contexts\0.4.9\rxnetty-contexts-0.4.9.jar;D:\Program Files\MAVEN\repository\io\reactivex\rxnetty-servo\0.4.9\rxnetty-servo-0.4.9.jar;D:\Program Files\MAVEN\repository\io\reactivex\rxnetty\0.4.9\rxnetty-0.4.9.jar;D:\Program Files\MAVEN\repository\io\netty\netty-codec-http\4.1.27.Final\netty-codec-http-4.1.27.Final.jar;D:\Program Files\MAVEN\repository\io\netty\netty-codec\4.1.27.Final\netty-codec-4.1.27.Final.jar;D:\Program Files\MAVEN\repository\io\netty\netty-transport-native-epoll\4.1.27.Final\netty-transport-native-epoll-4.1.27.Final.jar;D:\Program Files\MAVEN\repository\io\netty\netty-common\4.1.27.Final\netty-common-4.1.27.Final.jar;D:\Program Files\MAVEN\repository\io\netty\netty-buffer\4.1.27.Final\netty-buffer-4.1.27.Final.jar;D:\Program Files\MAVEN\repository\io\netty\netty-transport-native-unix-common\4.1.27.Final\netty-transport-native-unix-common-4.1.27.Final.jar;D:\Program Files\MAVEN\repository\io\netty\netty-transport\4.1.27.Final\netty-transport-4.1.27.Final.jar;D:\Program Files\MAVEN\repository\io\netty\netty-resolver\4.1.27.Final\netty-resolver-4.1.27.Final.jar;D:\Program Files\MAVEN\repository\com\netflix\ribbon\ribbon-core\2.2.5\ribbon-core-2.2.5.jar;D:\Program Files\MAVEN\repository\com\netflix\ribbon\ribbon-httpclient\2.2.5\ribbon-httpclient-2.2.5.jar;D:\Program Files\MAVEN\repository\commons-collections\commons-collections\3.2.2\commons-collections-3.2.2.jar;D:\Program Files\MAVEN\repository\com\netflix\ribbon\ribbon-loadbalancer\2.2.5\ribbon-loadbalancer-2.2.5.jar;D:\Program Files\MAVEN\repository\com\netflix\netflix-commons\netflix-statistics\0.1.1\netflix-statistics-0.1.1.jar;D:\Program Files\MAVEN\repository\io\reactivex\rxjava\1.3.8\rxjava-1.3.8.jar;D:\Program Files\MAVEN\repository\com\netflix\ribbon\ribbon-eureka\2.2.5\ribbon-eureka-2.2.5.jar;D:\Program Files\MAVEN\repository\org\springframework\cloud\spring-cloud-starter-eureka\1.4.7.RELEASE\spring-cloud-starter-eureka-1.4.7.RELEASE.jar;D:\Program Files\MAVEN\repository\org\springframework\cloud\spring-cloud-starter-netflix-eureka-client\2.0.0.RELEASE\spring-cloud-starter-netflix-eureka-client-2.0.0.RELEASE.jar;D:\Program Files\MAVEN\repository\org\springframework\cloud\spring-cloud-netflix-core\2.0.0.RELEASE\spring-cloud-netflix-core-2.0.0.RELEASE.jar;D:\Program Files\MAVEN\repository\org\springframework\boot\spring-boot-starter-aop\2.0.4.RELEASE\spring-boot-starter-aop-2.0.4.RELEASE.jar;D:\Program Files\MAVEN\repository\org\springframework\cloud\spring-cloud-netflix-eureka-client\2.0.0.RELEASE\spring-cloud-netflix-eureka-client-2.0.0.RELEASE.jar;D:\Program Files\MAVEN\repository\com\netflix\eureka\eureka-client\1.9.2\eureka-client-1.9.2.jar;D:\Program Files\MAVEN\repository\org\codehaus\jettison\jettison\1.3.7\jettison-1.3.7.jar;D:\Program Files\MAVEN\repository\stax\stax-api\1.0.1\stax-api-1.0.1.jar;D:\Program Files\MAVEN\repository\com\netflix\netflix-commons\netflix-eventbus\0.3.0\netflix-eventbus-0.3.0.jar;D:\Program Files\MAVEN\repository\com\netflix\netflix-commons\netflix-infix\0.3.0\netflix-infix-0.3.0.jar;D:\Program Files\MAVEN\repository\commons-jxpath\commons-jxpath\1.3\commons-jxpath-1.3.jar;D:\Program Files\MAVEN\repository\joda-time\joda-time\2.9.9\joda-time-2.9.9.jar;D:\Program Files\MAVEN\repository\org\antlr\antlr-runtime\3.4\antlr-runtime-3.4.jar;D:\Program Files\MAVEN\repository\org\antlr\stringtemplate\3.2.1\stringtemplate-3.2.1.jar;D:\Program Files\MAVEN\repository\antlr\antlr\2.7.7\antlr-2.7.7.jar;D:\Program Files\MAVEN\repository\org\apache\commons\commons-math\2.2\commons-math-2.2.jar;D:\Program Files\MAVEN\repository\javax\ws\rs\jsr311-api\1.1.1\jsr311-api-1.1.1.jar;D:\Program Files\MAVEN\repository\com\netflix\servo\servo-core\0.12.21\servo-core-0.12.21.jar;D:\Program Files\MAVEN\repository\com\sun\jersey\jersey-core\1.19.1\jersey-core-1.19.1.jar;D:\Program Files\MAVEN\repository\com\sun\jersey\jersey-client\1.19.1\jersey-client-1.19.1.jar;D:\Program Files\MAVEN\repository\com\sun\jersey\contribs\jersey-apache-client4\1.19.1\jersey-apache-client4-1.19.1.jar;D:\Program Files\MAVEN\repository\com\google\inject\guice\4.1.0\guice-4.1.0.jar;D:\Program Files\MAVEN\repository\aopalliance\aopalliance\1.0\aopalliance-1.0.jar;D:\Program Files\MAVEN\repository\com\github\vlsi\compactmap\compactmap\1.2.1\compactmap-1.2.1.jar;D:\Program Files\MAVEN\repository\com\github\andrewoma\dexx\dexx-collections\0.2\dexx-collections-0.2.jar;D:\Program Files\MAVEN\repository\com\netflix\eureka\eureka-core\1.9.2\eureka-core-1.9.2.jar;D:\Program Files\MAVEN\repository\org\codehaus\woodstox\woodstox-core-asl\4.4.1\woodstox-core-asl-4.4.1.jar;D:\Program Files\MAVEN\repository\javax\xml\stream\stax-api\1.0-2\stax-api-1.0-2.jar;D:\Program Files\MAVEN\repository\com\thoughtworks\xstream\xstream\1.4.10\xstream-1.4.10.jar;D:\Program Files\MAVEN\repository\xmlpull\xmlpull\1.1.3.1\xmlpull-1.1.3.1.jar;D:\Program Files\MAVEN\repository\xpp3\xpp3_min\1.1.4c\xpp3_min-1.1.4c.jar;D:\Program Files\MAVEN\repository\org\springframework\cloud\spring-cloud-starter-feign\1.4.7.RELEASE\spring-cloud-starter-feign-1.4.7.RELEASE.jar;D:\Program Files\MAVEN\repository\org\springframework\cloud\spring-cloud-starter-openfeign\2.0.0.RELEASE\spring-cloud-starter-openfeign-2.0.0.RELEASE.jar;D:\Program Files\MAVEN\repository\org\springframework\cloud\spring-cloud-openfeign-core\2.0.0.RELEASE\spring-cloud-openfeign-core-2.0.0.RELEASE.jar;D:\Program Files\MAVEN\repository\org\springframework\cloud\spring-cloud-commons\2.0.0.RELEASE\spring-cloud-commons-2.0.0.RELEASE.jar;D:\Program Files\MAVEN\repository\io\github\openfeign\feign-core\9.5.1\feign-core-9.5.1.jar;D:\Program Files\MAVEN\repository\io\github\openfeign\feign-slf4j\9.5.1\feign-slf4j-9.5.1.jar;D:\Program Files\MAVEN\repository\io\github\openfeign\feign-hystrix\9.5.1\feign-hystrix-9.5.1.jar;D:\Program Files\MAVEN\repository\io\github\openfeign\feign-java8\9.5.1\feign-java8-9.5.1.jar;D:\Program Files\MAVEN\repository\org\springframework\cloud\spring-cloud-starter-hystrix\1.4.7.RELEASE\spring-cloud-starter-hystrix-1.4.7.RELEASE.jar;D:\Program Files\MAVEN\repository\org\springframework\cloud\spring-cloud-starter-netflix-hystrix\2.0.0.RELEASE\spring-cloud-starter-netflix-hystrix-2.0.0.RELEASE.jar;D:\Program Files\MAVEN\repository\org\springframework\cloud\spring-cloud-netflix-ribbon\2.0.0.RELEASE\spring-cloud-netflix-ribbon-2.0.0.RELEASE.jar;D:\Program Files\MAVEN\repository\com\netflix\hystrix\hystrix-core\1.5.12\hystrix-core-1.5.12.jar;D:\Program Files\MAVEN\repository\org\hdrhistogram\HdrHistogram\2.1.9\HdrHistogram-2.1.9.jar;D:\Program Files\MAVEN\repository\com\netflix\hystrix\hystrix-serialization\1.5.12\hystrix-serialization-1.5.12.jar;D:\Program Files\MAVEN\repository\com\fasterxml\jackson\module\jackson-module-afterburner\2.9.7\jackson-module-afterburner-2.9.7.jar;D:\Program Files\MAVEN\repository\com\netflix\hystrix\hystrix-metrics-event-stream\1.5.12\hystrix-metrics-event-stream-1.5.12.jar;D:\Program Files\MAVEN\repository\com\netflix\hystrix\hystrix-javanica\1.5.12\hystrix-javanica-1.5.12.jar;D:\Program Files\MAVEN\repository\org\apache\commons\commons-lang3\3.7\commons-lang3-3.7.jar;D:\Program Files\MAVEN\repository\org\ow2\asm\asm\5.0.4\asm-5.0.4.jar;D:\Program Files\MAVEN\repository\org\aspectj\aspectjweaver\1.8.13\aspectjweaver-1.8.13.jar;D:\Program Files\MAVEN\repository\com\google\guava\guava\15.0\guava-15.0.jar;D:\Program Files\MAVEN\repository\io\reactivex\rxjava-reactive-streams\1.2.1\rxjava-reactive-streams-1.2.1.jar;D:\Program Files\MAVEN\repository\org\reactivestreams\reactive-streams\1.0.2\reactive-streams-1.0.2.jar;D:\Program Files\MAVEN\repository\org\springframework\cloud\spring-cloud-starter-zuul\1.4.7.RELEASE\spring-cloud-starter-zuul-1.4.7.RELEASE.jar;D:\Program Files\MAVEN\repository\org\springframework\cloud\spring-cloud-starter-netflix-zuul\2.0.0.RELEASE\spring-cloud-starter-netflix-zuul-2.0.0.RELEASE.jar;D:\Program Files\MAVEN\repository\org\springframework\cloud\spring-cloud-netflix-zuul\2.0.0.RELEASE\spring-cloud-netflix-zuul-2.0.0.RELEASE.jar;D:\Program Files\MAVEN\repository\com\netflix\netflix-commons\netflix-commons-util\0.3.0\netflix-commons-util-0.3.0.jar;D:\Program Files\MAVEN\repository\com\netflix\zuul\zuul-core\1.3.1\zuul-core-1.3.1.jar;D:\Program Files\MAVEN\repository\commons-io\commons-io\2.4\commons-io-2.4.jar;D:\Program Files\MAVEN\repository\org\mybatis\spring\boot\mybatis-spring-boot-starter\1.3.2\mybatis-spring-boot-starter-1.3.2.jar;D:\Program Files\MAVEN\repository\org\springframework\boot\spring-boot-starter-jdbc\2.0.4.RELEASE\spring-boot-starter-jdbc-2.0.4.RELEASE.jar;D:\Program Files\MAVEN\repository\com\zaxxer\HikariCP\2.7.9\HikariCP-2.7.9.jar;D:\Program Files\MAVEN\repository\org\springframework\spring-jdbc\5.0.8.RELEASE\spring-jdbc-5.0.8.RELEASE.jar;D:\Program Files\MAVEN\repository\org\springframework\spring-tx\5.0.8.RELEASE\spring-tx-5.0.8.RELEASE.jar;D:\Program Files\MAVEN\repository\org\mybatis\spring\boot\mybatis-spring-boot-autoconfigure\1.3.2\mybatis-spring-boot-autoconfigure-1.3.2.jar;D:\Program Files\MAVEN\repository\org\mybatis\mybatis\3.4.6\mybatis-3.4.6.jar;D:\Program Files\MAVEN\repository\org\mybatis\mybatis-spring\1.3.2\mybatis-spring-1.3.2.jar;D:\Program Files\MAVEN\repository\tk\mybatis\mapper-spring-boot-starter\2.0.2\mapper-spring-boot-starter-2.0.2.jar;D:\Program Files\MAVEN\repository\tk\mybatis\mapper-core\1.0.2\mapper-core-1.0.2.jar;D:\Program Files\MAVEN\repository\javax\persistence\persistence-api\1.0\persistence-api-1.0.jar;D:\Program Files\MAVEN\repository\tk\mybatis\mapper-base\1.0.1\mapper-base-1.0.1.jar;D:\Program Files\MAVEN\repository\tk\mybatis\mapper-weekend\1.1.3\mapper-weekend-1.1.3.jar;D:\Program Files\MAVEN\repository\tk\mybatis\mapper-spring\1.0.1\mapper-spring-1.0.1.jar;D:\Program Files\MAVEN\repository\tk\mybatis\mapper-extra\1.0.1\mapper-extra-1.0.1.jar;D:\Program Files\MAVEN\repository\tk\mybatis\mapper-spring-boot-autoconfigure\2.0.2\mapper-spring-boot-autoconfigure-2.0.2.jar;D:\Program Files\MAVEN\repository\mysql\mysql-connector-java\5.1.38\mysql-connector-java-5.1.38.jar;D:\Program Files\MAVEN\repository\org\springframework\spring-webmvc\5.0.6.RELEASE\spring-webmvc-5.0.6.RELEASE.jar;D:\Program Files\MAVEN\repository\org\springframework\spring-aop\5.0.8.RELEASE\spring-aop-5.0.8.RELEASE.jar;D:\Program Files\MAVEN\repository\org\springframework\spring-beans\5.0.8.RELEASE\spring-beans-5.0.8.RELEASE.jar;D:\Program Files\MAVEN\repository\org\springframework\spring-context\5.0.8.RELEASE\spring-context-5.0.8.RELEASE.jar;D:\Program Files\MAVEN\repository\org\springframework\spring-core\5.0.8.RELEASE\spring-core-5.0.8.RELEASE.jar;D:\Program Files\MAVEN\repository\org\springframework\spring-jcl\5.0.8.RELEASE\spring-jcl-5.0.8.RELEASE.jar;D:\Program Files\MAVEN\repository\org\springframework\spring-expression\5.0.8.RELEASE\spring-expression-5.0.8.RELEASE.jar;D:\Program Files\MAVEN\repository\com\fasterxml\jackson\core\jackson-annotations\2.9.7\jackson-annotations-2.9.7.jar;D:\Program Files\MAVEN\repository\com\fasterxml\jackson\core\jackson-databind\2.9.7\jackson-databind-2.9.7.jar;D:\Program Files\MAVEN\repository\com\fasterxml\jackson\core\jackson-core\2.9.7\jackson-core-2.9.7.jar;D:\Program Files\MAVEN\repository\javax\servlet\javax.servlet-api\3.1.0\javax.servlet-api-3.1.0.jar;D:\Program Files\MAVEN\repository\org\springframework\cloud\spring-cloud-config-server\2.0.0.RELEASE\spring-cloud-config-server-2.0.0.RELEASE.jar;D:\Program Files\MAVEN\repository\org\springframework\cloud\spring-cloud-config-client\2.0.0.RELEASE\spring-cloud-config-client-2.0.0.RELEASE.jar;D:\Program Files\MAVEN\repository\org\springframework\cloud\spring-cloud-context\2.0.0.RELEASE\spring-cloud-context-2.0.0.RELEASE.jar;D:\Program Files\MAVEN\repository\org\springframework\boot\spring-boot-starter-actuator\2.0.4.RELEASE\spring-boot-starter-actuator-2.0.4.RELEASE.jar;D:\Program Files\MAVEN\repository\org\springframework\boot\spring-boot-actuator-autoconfigure\2.0.4.RELEASE\spring-boot-actuator-autoconfigure-2.0.4.RELEASE.jar;D:\Program Files\MAVEN\repository\org\springframework\boot\spring-boot-actuator\2.0.4.RELEASE\spring-boot-actuator-2.0.4.RELEASE.jar;D:\Program Files\MAVEN\repository\io\micrometer\micrometer-core\1.0.6\micrometer-core-1.0.6.jar;D:\Program Files\MAVEN\repository\org\latencyutils\LatencyUtils\2.0.3\LatencyUtils-2.0.3.jar;D:\Program Files\MAVEN\repository\org\springframework\security\spring-security-crypto\5.0.7.RELEASE\spring-security-crypto-5.0.7.RELEASE.jar;D:\Program Files\MAVEN\repository\org\springframework\security\spring-security-rsa\1.0.5.RELEASE\spring-security-rsa-1.0.5.RELEASE.jar;D:\Program Files\MAVEN\repository\org\bouncycastle\bcpkix-jdk15on\1.56\bcpkix-jdk15on-1.56.jar;D:\Program Files\MAVEN\repository\org\bouncycastle\bcprov-jdk15on\1.56\bcprov-jdk15on-1.56.jar;D:\Program Files\MAVEN\repository\org\eclipse\jgit\org.eclipse.jgit\4.11.0.201803080745-r\org.eclipse.jgit-4.11.0.201803080745-r.jar;D:\Program Files\MAVEN\repository\com\jcraft\jsch\0.1.54\jsch-0.1.54.jar;D:\Program Files\MAVEN\repository\com\jcraft\jzlib\1.1.1\jzlib-1.1.1.jar;D:\Program Files\MAVEN\repository\com\googlecode\javaewah\JavaEWAH\1.1.6\JavaEWAH-1.1.6.jar;D:\Program Files\MAVEN\repository\org\slf4j\slf4j-api\1.7.25\slf4j-api-1.7.25.jar;D:\Program Files\MAVEN\repository\org\eclipse\jgit\org.eclipse.jgit.http.apache\4.11.0.201803080745-r\org.eclipse.jgit.http.apache-4.11.0.201803080745-r.jar;D:\Program Files\MAVEN\repository\org\yaml\snakeyaml\1.19\snakeyaml-1.19.jar;D:\Program Files\MAVEN\repository\org\springframework\cloud\spring-cloud-starter-config\2.0.0.RELEASE\spring-cloud-starter-config-2.0.0.RELEASE.jar;D:\Program Files\MAVEN\repository\org\springframework\cloud\spring-cloud-starter\2.0.0.RELEASE\spring-cloud-starter-2.0.0.RELEASE.jar;D:\Program Files\MAVEN\repository\javax\servlet\jstl\1.2\jstl-1.2.jar;"/>
    <property name="sun.cpu.endian" value="little"/>
    <property name="user.home" value="C:\Users\lwg1998"/>
    <property name="user.language" value="zh"/>
    <property name="java.specification.vendor" value="Oracle Corporation"/>
    <property name="java.home" value="D:\Program Files\Java\jdk1.8.0_152\jre"/>
    <property name="basedir" value="D:\Program Files\IDEA\IDEA WORKSPACE\Frams\farm-Common"/>
    <property name="file.separator" value="\"/>
    <property name="line.separator" value="&#10;"/>
    <property name="java.vm.specification.vendor" value="Oracle Corporation"/>
    <property name="java.specification.name" value="Java Platform API Specification"/>
    <property name="java.awt.graphicsenv" value="sun.awt.Win32GraphicsEnvironment"/>
    <property name="surefire.real.class.path" value="C:\Users\lwg1998\AppData\Local\Temp\surefire3391386470306423988\surefirebooter9045988701419919103.jar"/>
    <property name="sun.boot.class.path" value="D:\Program Files\Java\jdk1.8.0_152\jre\lib\resources.jar;D:\Program Files\Java\jdk1.8.0_152\jre\lib\rt.jar;D:\Program Files\Java\jdk1.8.0_152\jre\lib\sunrsasign.jar;D:\Program Files\Java\jdk1.8.0_152\jre\lib\jsse.jar;D:\Program Files\Java\jdk1.8.0_152\jre\lib\jce.jar;D:\Program Files\Java\jdk1.8.0_152\jre\lib\charsets.jar;D:\Program Files\Java\jdk1.8.0_152\jre\lib\jfr.jar;D:\Program Files\Java\jdk1.8.0_152\jre\classes"/>
    <property name="user.script" value=""/>
    <property name="sun.management.compiler" value="HotSpot Client Compiler"/>
    <property name="java.runtime.version" value="1.8.0_152-b16"/>
    <property name="user.name" value="lwg1998"/>
    <property name="path.separator" value=";"/>
    <property name="os.version" value="10.0"/>
    <property name="java.endorsed.dirs" value="D:\Program Files\Java\jdk1.8.0_152\jre\lib\endorsed"/>
    <property name="java.runtime.name" value="Java(TM) SE Runtime Environment"/>
    <property name="file.encoding" value="GBK"/>
    <property name="java.vm.name" value="Java HotSpot(TM) Client VM"/>
    <property name="localRepository" value="D:\Program Files\MAVEN\repository"/>
    <property name="java.vendor.url.bug" value="http://bugreport.sun.com/bugreport/"/>
    <property name="java.io.tmpdir" value="C:\Users\lwg1998\AppData\Local\Temp\"/>
    <property name="java.version" value="1.8.0_152"/>
    <property name="user.dir" value="D:\Program Files\IDEA\IDEA WORKSPACE\Frams\farm-Common"/>
    <property name="os.arch" value="x86"/>
    <property name="java.vm.specification.name" value="Java Virtual Machine Specification"/>
    <property name="java.awt.printerjob" value="sun.awt.windows.WPrinterJob"/>
    <property name="sun.os.patch.level" value=""/>
    <property name="java.library.path" value="D:\Program Files\Java\jdk1.8.0_152\jre\bin;C:\Windows\Sun\Java\bin;C:\Windows\system32;C:\Windows;C:\ProgramData\Oracle\Java\javapath;C:\Program Files (x86)\Intel\Intel(R) Management Engine Components\iCLS\;C:\Program Files\Intel\Intel(R) Management Engine Components\iCLS\;C:\Windows\system32;C:\Windows;C:\Windows\System32\Wbem;C:\Windows\System32\WindowsPowerShell\v1.0\;C:\Windows\System32\OpenSSH\;C:\Program Files (x86)\Intel\Intel(R) Management Engine Components\DAL;C:\Program Files\Intel\Intel(R) Management Engine Components\DAL;C:\Program Files (x86)\Intel\Intel(R) Management Engine Components\IPT;C:\Program Files\Intel\Intel(R) Management Engine Components\IPT;C:\Program Files (x86)\NVIDIA Corporation\PhysX\Common;%JAVA_HOME%\bin;%JAVA_HOME%\jre\bin;D:\Program Files\MySQL\MySQL Server 5.5\bin;C:\Program Files\Git\cmd;&quot;C:\Windows\system32;C:\Windows;C:\Windows\System32\Wbem;&quot;;C:\Program Files\MySQL\MySQL Shell 8.0\bin\;D:\Program Files\MAVEN\apache-maven-3.6.0\bin;."/>
    <property name="java.vm.info" value="mixed mode, sharing"/>
    <property name="java.vendor" value="Oracle Corporation"/>
    <property name="java.vm.version" value="25.152-b16"/>
    <property name="java.ext.dirs" value="D:\Program Files\Java\jdk1.8.0_152\jre\lib\ext;C:\Windows\Sun\Java\lib\ext"/>
    <property name="sun.io.unicode.encoding" value="UnicodeLittle"/>
    <property name="java.class.version" value="52.0"/>
  </properties>
  <testcase name="shouldAnswerWithTrue" classname="cn.farm.CommonApplicationTest" time="0.002"/>
</testsuite>